[main] INFO edu.stanford.nlp.pipeline.StanfordCoreNLP - Adding annotator tokenize
[main] INFO edu.stanford.nlp.pipeline.StanfordCoreNLP - Adding annotator ssplit
[main] INFO edu.stanford.nlp.pipeline.StanfordCoreNLP - Adding annotator pos
[main] INFO edu.stanford.nlp.tagger.maxent.MaxentTagger - Loading POS tagger from edu/stanford/nlp/models/pos-tagger/english-left3words/english-left3words-distsim.tagger ... done [1.8 sec].
[main] INFO edu.stanford.nlp.pipeline.StanfordCoreNLP - Adding annotator lemma
[main] INFO edu.stanford.nlp.pipeline.StanfordCoreNLP - Adding annotator ner
[main] INFO edu.stanford.nlp.ie.AbstractSequenceClassifier - Loading classifier from edu/stanford/nlp/models/ner/english.all.3class.distsim.crf.ser.gz ... done [3.4 sec].
[main] INFO edu.stanford.nlp.ie.AbstractSequenceClassifier - Loading classifier from edu/stanford/nlp/models/ner/english.muc.7class.distsim.crf.ser.gz ... done [1.4 sec].
[main] INFO edu.stanford.nlp.ie.AbstractSequenceClassifier - Loading classifier from edu/stanford/nlp/models/ner/english.conll.4class.distsim.crf.ser.gz ... done [1.3 sec].
[main] INFO edu.stanford.nlp.time.JollyDayHolidays - Initializing JollyDayHoliday for SUTime from classpath edu/stanford/nlp/models/sutime/jollyday/Holidays_sutime.xml as sutime.binder.1.
[main] INFO edu.stanford.nlp.time.TimeExpressionExtractorImpl - Using following SUTime rules: edu/stanford/nlp/models/sutime/defs.sutime.txt,edu/stanford/nlp/models/sutime/english.sutime.txt,edu/stanford/nlp/models/sutime/english.holidays.sutime.txt
[main] INFO edu.stanford.nlp.pipeline.TokensRegexNERAnnotator - ner.fine.regexner: Read 580704 unique entries out of 581863 from edu/stanford/nlp/models/kbp/english/gazetteers/regexner_caseless.tab, 0 TokensRegex patterns.
[main] INFO edu.stanford.nlp.pipeline.TokensRegexNERAnnotator - ner.fine.regexner: Read 4869 unique entries out of 4869 from edu/stanford/nlp/models/kbp/english/gazetteers/regexner_cased.tab, 0 TokensRegex patterns.
[main] INFO edu.stanford.nlp.pipeline.TokensRegexNERAnnotator - ner.fine.regexner: Read 585573 unique entries from 2 files
[main] INFO edu.stanford.nlp.pipeline.StanfordCoreNLP - Adding annotator parse
[main] INFO edu.stanford.nlp.parser.common.ParserGrammar - Loading parser from serialized file edu/stanford/nlp/models/lexparser/englishPCFG.ser.gz ... done [1.1 sec].
[main] INFO edu.stanford.nlp.pipeline.StanfordCoreNLP - Adding annotator dcoref
[main] INFO edu.stanford.nlp.pipeline.CorefMentionAnnotator - Using mention detector type: dependency

Exception in thread "main" java.lang.IllegalArgumentException: File doesn't exist: nlp.txt.xml
	at edu.stanford.nlp.io.FileSequentialCollection$FileSequentialCollectionIterator.primeNextFile(FileSequentialCollection.java:363)
	at edu.stanford.nlp.io.FileSequentialCollection$FileSequentialCollectionIterator.<init>(FileSequentialCollection.java:268)
	at edu.stanford.nlp.io.FileSequentialCollection.iterator(FileSequentialCollection.java:237)
	at edu.stanford.nlp.pipeline.StanfordCoreNLP.processFiles(StanfordCoreNLP.java:1127)
	at edu.stanford.nlp.pipeline.StanfordCoreNLP.processFiles(StanfordCoreNLP.java:1060)
	at edu.stanford.nlp.pipeline.StanfordCoreNLP.run(StanfordCoreNLP.java:1326)
	at edu.stanford.nlp.pipeline.StanfordCoreNLP.main(StanfordCoreNLP.java:1389)
